This is pdfTeX, Version 3.141592653-2.6-1.40.26 (TeX Live 2024/Homebrew) (preloaded format=pdflatex 2024.3.20)  6 DEC 2024 21:31
entering extended mode
 restricted \write18 enabled.
 %&-line parsing enabled.
**main.tex
(./main.tex
LaTeX2e <2023-11-01> patch level 1
L3 programming layer <2024-02-20>

(/opt/homebrew/Cellar/texlive/20240312/share/texmf-dist/tex/latex/base/report.c
ls
Document Class: report 2023/05/17 v1.4n Standard LaTeX document class

(/opt/homebrew/Cellar/texlive/20240312/share/texmf-dist/tex/latex/base/size12.c
lo
File: size12.clo 2023/05/17 v1.4n Standard LaTeX file (size option)
)
\c@part=\count188
\c@chapter=\count189
\c@section=\count190
\c@subsection=\count191
\c@subsubsection=\count192
\c@paragraph=\count193
\c@subparagraph=\count194
\c@figure=\count195
\c@table=\count196
\abovecaptionskip=\skip48
\belowcaptionskip=\skip49
\bibindent=\dimen140
)
(/opt/homebrew/Cellar/texlive/20240312/share/texmf-dist/tex/latex/mwe/mwe.sty
Package: mwe 2018/03/30 v0.5 Package to support minimal working examples (MWE)

(/opt/homebrew/Cellar/texlive/20240312/share/texmf-dist/tex/latex/graphics/grap
hicx.sty
Package: graphicx 2021/09/16 v1.2d Enhanced LaTeX Graphics (DPC,SPQR)

(/opt/homebrew/Cellar/texlive/20240312/share/texmf-dist/tex/latex/graphics/keyv
al.sty
Package: keyval 2022/05/29 v1.15 key=value parser (DPC)
\KV@toks@=\toks17
)
(/opt/homebrew/Cellar/texlive/20240312/share/texmf-dist/tex/latex/graphics/grap
hics.sty
Package: graphics 2022/03/10 v1.4e Standard LaTeX Graphics (DPC,SPQR)

(/opt/homebrew/Cellar/texlive/20240312/share/texmf-dist/tex/latex/graphics/trig
.sty
Package: trig 2021/08/11 v1.11 sin cos tan (DPC)
)
(/opt/homebrew/Cellar/texlive/20240312/share/texmf-dist/tex/latex/graphics-cfg/
graphics.cfg
File: graphics.cfg 2016/06/04 v1.11 sample graphics configuration
)
Package graphics Info: Driver file: pdftex.def on input line 107.

(/opt/homebrew/Cellar/texlive/20240312/share/texmf-dist/tex/latex/graphics-def/
pdftex.def
File: pdftex.def 2022/09/22 v1.2b Graphics/color driver for pdftex
))
\Gin@req@height=\dimen141
\Gin@req@width=\dimen142
)
(/opt/homebrew/Cellar/texlive/20240312/share/texmf-dist/tex/latex/lipsum/lipsum
.sty
(/opt/homebrew/Cellar/texlive/20240312/share/texmf-dist/tex/latex/l3packages/l3
keys2e/l3keys2e.sty
(/opt/homebrew/Cellar/texlive/20240312/share/texmf-dist/tex/latex/l3kernel/expl
3.sty
Package: expl3 2024-02-20 L3 programming layer (loader) 

(/opt/homebrew/Cellar/texlive/20240312/share/texmf-dist/tex/latex/l3backend/l3b
ackend-pdftex.def
File: l3backend-pdftex.def 2024-02-20 L3 backend support: PDF output (pdfTeX)
\l__color_backend_stack_int=\count197
\l__pdf_internal_box=\box51
))
Package: l3keys2e 2024-02-18 LaTeX2e option processing using LaTeX3 keys
)
Package: lipsum 2021-09-20 v2.7 150 paragraphs of Lorem Ipsum dummy text
\g__lipsum_par_int=\count198
\l__lipsum_a_int=\count199
\l__lipsum_b_int=\count266

(/opt/homebrew/Cellar/texlive/20240312/share/texmf-dist/tex/latex/lipsum/lipsum
.ltd.tex))
(/opt/homebrew/Cellar/texlive/20240312/share/texmf-dist/tex/latex/blindtext/bli
ndtext.sty
Package: blindtext 2012/01/06 V2.0 blindtext-Package

(/opt/homebrew/Cellar/texlive/20240312/share/texmf-dist/tex/latex/tools/xspace.
sty
Package: xspace 2014/10/28 v1.13 Space after command names (DPC,MH)
)
\c@blindtext=\count267
\c@Blindtext=\count268
\c@blind@countparstart=\count269
\blind@countxx=\count270
\blindtext@numBlindtext=\count271
\blind@countyy=\count272
\c@blindlist=\count273
\c@blindlistlevel=\count274
\c@blindlist@level=\count275
\blind@listitem=\count276
\c@blind@listcount=\count277
\c@blind@levelcount=\count278
\blind@mathformula=\count279
\blind@Mathformula=\count280
\c@blind@randomcount=\count281
\c@blind@randommax=\count282
\c@blind@pangramcount=\count283
\c@blind@pangrammax=\count284
))
(/opt/homebrew/Cellar/texlive/20240312/share/texmf-dist/tex/latex/psnfss/mathpt
mx.sty
Package: mathptmx 2020/03/25 PSNFSS-v9.3 Times w/ Math, improved (SPQR, WaS) 
LaTeX Font Info:    Redeclaring symbol font `operators' on input line 28.
LaTeX Font Info:    Overwriting symbol font `operators' in version `normal'
(Font)                  OT1/cmr/m/n --> OT1/ztmcm/m/n on input line 28.
LaTeX Font Info:    Overwriting symbol font `operators' in version `bold'
(Font)                  OT1/cmr/bx/n --> OT1/ztmcm/m/n on input line 28.
LaTeX Font Info:    Redeclaring symbol font `letters' on input line 29.
LaTeX Font Info:    Overwriting symbol font `letters' in version `normal'
(Font)                  OML/cmm/m/it --> OML/ztmcm/m/it on input line 29.
LaTeX Font Info:    Overwriting symbol font `letters' in version `bold'
(Font)                  OML/cmm/b/it --> OML/ztmcm/m/it on input line 29.
LaTeX Font Info:    Redeclaring symbol font `symbols' on input line 30.
LaTeX Font Info:    Overwriting symbol font `symbols' in version `normal'
(Font)                  OMS/cmsy/m/n --> OMS/ztmcm/m/n on input line 30.
LaTeX Font Info:    Overwriting symbol font `symbols' in version `bold'
(Font)                  OMS/cmsy/b/n --> OMS/ztmcm/m/n on input line 30.
LaTeX Font Info:    Redeclaring symbol font `largesymbols' on input line 31.
LaTeX Font Info:    Overwriting symbol font `largesymbols' in version `normal'
(Font)                  OMX/cmex/m/n --> OMX/ztmcm/m/n on input line 31.
LaTeX Font Info:    Overwriting symbol font `largesymbols' in version `bold'
(Font)                  OMX/cmex/m/n --> OMX/ztmcm/m/n on input line 31.
\symbold=\mathgroup4
\symitalic=\mathgroup5
LaTeX Font Info:    Redeclaring math alphabet \mathbf on input line 34.
LaTeX Font Info:    Overwriting math alphabet `\mathbf' in version `normal'
(Font)                  OT1/cmr/bx/n --> OT1/ptm/bx/n on input line 34.
LaTeX Font Info:    Overwriting math alphabet `\mathbf' in version `bold'
(Font)                  OT1/cmr/bx/n --> OT1/ptm/bx/n on input line 34.
LaTeX Font Info:    Redeclaring math alphabet \mathit on input line 35.
LaTeX Font Info:    Overwriting math alphabet `\mathit' in version `normal'
(Font)                  OT1/cmr/m/it --> OT1/ptm/m/it on input line 35.
LaTeX Font Info:    Overwriting math alphabet `\mathit' in version `bold'
(Font)                  OT1/cmr/bx/it --> OT1/ptm/m/it on input line 35.
LaTeX Info: Redefining \hbar on input line 50.
)
(/opt/homebrew/Cellar/texlive/20240312/share/texmf-dist/tex/latex/geometry/geom
etry.sty
Package: geometry 2020/01/02 v5.9 Page Geometry

(/opt/homebrew/Cellar/texlive/20240312/share/texmf-dist/tex/generic/iftex/ifvte
x.sty
Package: ifvtex 2019/10/25 v1.7 ifvtex legacy package. Use iftex instead.

(/opt/homebrew/Cellar/texlive/20240312/share/texmf-dist/tex/generic/iftex/iftex
.sty
Package: iftex 2022/02/03 v1.0f TeX engine tests
))
\Gm@cnth=\count285
\Gm@cntv=\count286
\c@Gm@tempcnt=\count287
\Gm@bindingoffset=\dimen143
\Gm@wd@mp=\dimen144
\Gm@odd@mp=\dimen145
\Gm@even@mp=\dimen146
\Gm@layoutwidth=\dimen147
\Gm@layoutheight=\dimen148
\Gm@layouthoffset=\dimen149
\Gm@layoutvoffset=\dimen150
\Gm@dimlist=\toks18
)
(/opt/homebrew/Cellar/texlive/20240312/share/texmf-dist/tex/latex/setspace/sets
pace.sty
Package: setspace 2022/12/04 v6.7b set line spacing
)
(/opt/homebrew/Cellar/texlive/20240312/share/texmf-dist/tex/latex/xcolor/xcolor
.sty
Package: xcolor 2023/11/15 v3.01 LaTeX color extensions (UK)

(/opt/homebrew/Cellar/texlive/20240312/share/texmf-dist/tex/latex/graphics-cfg/
color.cfg
File: color.cfg 2016/01/02 v1.6 sample color configuration
)
Package xcolor Info: Driver file: pdftex.def on input line 274.

(/opt/homebrew/Cellar/texlive/20240312/share/texmf-dist/tex/latex/graphics/math
color.ltx)
Package xcolor Info: Model `cmy' substituted by `cmy0' on input line 1350.
Package xcolor Info: Model `hsb' substituted by `rgb' on input line 1354.
Package xcolor Info: Model `RGB' extended on input line 1366.
Package xcolor Info: Model `HTML' substituted by `rgb' on input line 1368.
Package xcolor Info: Model `Hsb' substituted by `hsb' on input line 1369.
Package xcolor Info: Model `tHsb' substituted by `hsb' on input line 1370.
Package xcolor Info: Model `HSB' substituted by `hsb' on input line 1371.
Package xcolor Info: Model `Gray' substituted by `gray' on input line 1372.
Package xcolor Info: Model `wave' substituted by `hsb' on input line 1373.
)
(/opt/homebrew/Cellar/texlive/20240312/share/texmf-dist/tex/latex/colortbl/colo
rtbl.sty
Package: colortbl 2024/02/20 v1.0g Color table columns (DPC)

(/opt/homebrew/Cellar/texlive/20240312/share/texmf-dist/tex/latex/tools/array.s
ty
Package: array 2023/10/16 v2.5g Tabular extension package (FMi)
\col@sep=\dimen151
\ar@mcellbox=\box52
\extrarowheight=\dimen152
\NC@list=\toks19
\extratabsurround=\skip50
\backup@length=\skip51
\ar@cellbox=\box53
)
\everycr=\toks20
\minrowclearance=\skip52
\rownum=\count288
)

LaTeX Warning: Package "xcolor" has already been loaded: ignoring load-time
(LaTeX)        option "xcdraw".


(/opt/homebrew/Cellar/texlive/20240312/share/texmf-dist/tex/latex/tools/tabular
x.sty
Package: tabularx 2023/07/08 v2.11c `tabularx' package (DPC)
\TX@col@width=\dimen153
\TX@old@table=\dimen154
\TX@old@col=\dimen155
\TX@target=\dimen156
\TX@delta=\dimen157
\TX@cols=\count289
\TX@ftn=\toks21
)
(/opt/homebrew/Cellar/texlive/20240312/share/texmf-dist/tex/latex/hyperref/hype
rref.sty
Package: hyperref 2024-01-20 v7.01h Hypertext links for LaTeX

(/opt/homebrew/Cellar/texlive/20240312/share/texmf-dist/tex/latex/kvsetkeys/kvs
etkeys.sty
Package: kvsetkeys 2022-10-05 v1.19 Key value parser (HO)
)
(/opt/homebrew/Cellar/texlive/20240312/share/texmf-dist/tex/generic/kvdefinekey
s/kvdefinekeys.sty
Package: kvdefinekeys 2019-12-19 v1.6 Define keys (HO)
)
(/opt/homebrew/Cellar/texlive/20240312/share/texmf-dist/tex/generic/pdfescape/p
dfescape.sty
Package: pdfescape 2019/12/09 v1.15 Implements pdfTeX's escape features (HO)

(/opt/homebrew/Cellar/texlive/20240312/share/texmf-dist/tex/generic/ltxcmds/ltx
cmds.sty
Package: ltxcmds 2023-12-04 v1.26 LaTeX kernel commands for general use (HO)
)
(/opt/homebrew/Cellar/texlive/20240312/share/texmf-dist/tex/generic/pdftexcmds/
pdftexcmds.sty
Package: pdftexcmds 2020-06-27 v0.33 Utility functions of pdfTeX for LuaTeX (HO
)

(/opt/homebrew/Cellar/texlive/20240312/share/texmf-dist/tex/generic/infwarerr/i
nfwarerr.sty
Package: infwarerr 2019/12/03 v1.5 Providing info/warning/error messages (HO)
)
Package pdftexcmds Info: \pdf@primitive is available.
Package pdftexcmds Info: \pdf@ifprimitive is available.
Package pdftexcmds Info: \pdfdraftmode found.
))
(/opt/homebrew/Cellar/texlive/20240312/share/texmf-dist/tex/latex/hycolor/hycol
or.sty
Package: hycolor 2020-01-27 v1.10 Color options for hyperref/bookmark (HO)
)
(/opt/homebrew/Cellar/texlive/20240312/share/texmf-dist/tex/latex/auxhook/auxho
ok.sty
Package: auxhook 2019-12-17 v1.6 Hooks for auxiliary files (HO)
)
(/opt/homebrew/Cellar/texlive/20240312/share/texmf-dist/tex/latex/hyperref/name
ref.sty
Package: nameref 2023-11-26 v2.56 Cross-referencing by name of section

(/opt/homebrew/Cellar/texlive/20240312/share/texmf-dist/tex/latex/refcount/refc
ount.sty
Package: refcount 2019/12/15 v3.6 Data extraction from label references (HO)
)
(/opt/homebrew/Cellar/texlive/20240312/share/texmf-dist/tex/generic/gettitlestr
ing/gettitlestring.sty
Package: gettitlestring 2019/12/15 v1.6 Cleanup title references (HO)

(/opt/homebrew/Cellar/texlive/20240312/share/texmf-dist/tex/latex/kvoptions/kvo
ptions.sty
Package: kvoptions 2022-06-15 v3.15 Key value format for package options (HO)
))
\c@section@level=\count290
)
(/opt/homebrew/Cellar/texlive/20240312/share/texmf-dist/tex/latex/etoolbox/etoo
lbox.sty
Package: etoolbox 2020/10/05 v2.5k e-TeX tools for LaTeX (JAW)
\etb@tempcnta=\count291
)
\@linkdim=\dimen158
\Hy@linkcounter=\count292
\Hy@pagecounter=\count293

(/opt/homebrew/Cellar/texlive/20240312/share/texmf-dist/tex/latex/hyperref/pd1e
nc.def
File: pd1enc.def 2024-01-20 v7.01h Hyperref: PDFDocEncoding definition (HO)
Now handling font encoding PD1 ...
... no UTF-8 mapping file for font encoding PD1
)
(/opt/homebrew/Cellar/texlive/20240312/share/texmf-dist/tex/generic/intcalc/int
calc.sty
Package: intcalc 2019/12/15 v1.3 Expandable calculations with integers (HO)
)
\Hy@SavedSpaceFactor=\count294

(/opt/homebrew/Cellar/texlive/20240312/share/texmf-dist/tex/latex/hyperref/puen
c.def
File: puenc.def 2024-01-20 v7.01h Hyperref: PDF Unicode definition (HO)
Now handling font encoding PU ...
... no UTF-8 mapping file for font encoding PU
)
Package hyperref Info: Hyper figures OFF on input line 4179.
Package hyperref Info: Link nesting OFF on input line 4184.
Package hyperref Info: Hyper index ON on input line 4187.
Package hyperref Info: Plain pages OFF on input line 4194.
Package hyperref Info: Backreferencing OFF on input line 4199.
Package hyperref Info: Implicit mode ON; LaTeX internals redefined.
Package hyperref Info: Bookmarks ON on input line 4446.
\c@Hy@tempcnt=\count295

(/opt/homebrew/Cellar/texlive/20240312/share/texmf-dist/tex/latex/url/url.sty
\Urlmuskip=\muskip16
Package: url 2013/09/16  ver 3.4  Verb mode for urls, etc.
)
LaTeX Info: Redefining \url on input line 4784.
\XeTeXLinkMargin=\dimen159

(/opt/homebrew/Cellar/texlive/20240312/share/texmf-dist/tex/generic/bitset/bits
et.sty
Package: bitset 2019/12/09 v1.3 Handle bit-vector datatype (HO)

(/opt/homebrew/Cellar/texlive/20240312/share/texmf-dist/tex/generic/bigintcalc/
bigintcalc.sty
Package: bigintcalc 2019/12/15 v1.5 Expandable calculations on big integers (HO
)
))
\Fld@menulength=\count296
\Field@Width=\dimen160
\Fld@charsize=\dimen161
Package hyperref Info: Hyper figures OFF on input line 6063.
Package hyperref Info: Link nesting OFF on input line 6068.
Package hyperref Info: Hyper index ON on input line 6071.
Package hyperref Info: backreferencing OFF on input line 6078.
Package hyperref Info: Link coloring OFF on input line 6083.
Package hyperref Info: Link coloring with OCG OFF on input line 6088.
Package hyperref Info: PDF/A mode OFF on input line 6093.

(/opt/homebrew/Cellar/texlive/20240312/share/texmf-dist/tex/latex/base/atbegshi
-ltx.sty
Package: atbegshi-ltx 2021/01/10 v1.0c Emulation of the original atbegshi
package with kernel methods
)
\Hy@abspage=\count297
\c@Item=\count298
\c@Hfootnote=\count299
)
Package hyperref Info: Driver (autodetected): hpdftex.

(/opt/homebrew/Cellar/texlive/20240312/share/texmf-dist/tex/latex/hyperref/hpdf
tex.def
File: hpdftex.def 2024-01-20 v7.01h Hyperref driver for pdfTeX

(/opt/homebrew/Cellar/texlive/20240312/share/texmf-dist/tex/latex/base/atveryen
d-ltx.sty
Package: atveryend-ltx 2020/08/19 v1.0a Emulation of the original atveryend pac
kage
with kernel methods
)
\Fld@listcount=\count300
\c@bookmark@seq@number=\count301

(/opt/homebrew/Cellar/texlive/20240312/share/texmf-dist/tex/latex/rerunfilechec
k/rerunfilecheck.sty
Package: rerunfilecheck 2022-07-10 v1.10 Rerun checks for auxiliary files (HO)

(/opt/homebrew/Cellar/texlive/20240312/share/texmf-dist/tex/generic/uniquecount
er/uniquecounter.sty
Package: uniquecounter 2019/12/15 v1.4 Provide unlimited unique counter (HO)
)
Package uniquecounter Info: New unique counter `rerunfilecheck' on input line 2
85.
)
\Hy@SectionHShift=\skip53
)
LaTeX Font Info:    Trying to load font information for OT1+ptm on input line 2
4.

(/opt/homebrew/Cellar/texlive/20240312/share/texmf-dist/tex/latex/psnfss/ot1ptm
.fd
File: ot1ptm.fd 2001/06/04 font definitions for OT1/ptm.
) (./main.aux (./sections/title_page.aux))
\openout1 = `main.aux'.

LaTeX Font Info:    Checking defaults for OML/cmm/m/it on input line 24.
LaTeX Font Info:    ... okay on input line 24.
LaTeX Font Info:    Checking defaults for OMS/cmsy/m/n on input line 24.
LaTeX Font Info:    ... okay on input line 24.
LaTeX Font Info:    Checking defaults for OT1/cmr/m/n on input line 24.
LaTeX Font Info:    ... okay on input line 24.
LaTeX Font Info:    Checking defaults for T1/cmr/m/n on input line 24.
LaTeX Font Info:    ... okay on input line 24.
LaTeX Font Info:    Checking defaults for TS1/cmr/m/n on input line 24.
LaTeX Font Info:    ... okay on input line 24.
LaTeX Font Info:    Checking defaults for OMX/cmex/m/n on input line 24.
LaTeX Font Info:    ... okay on input line 24.
LaTeX Font Info:    Checking defaults for U/cmr/m/n on input line 24.
LaTeX Font Info:    ... okay on input line 24.
LaTeX Font Info:    Checking defaults for PD1/pdf/m/n on input line 24.
LaTeX Font Info:    ... okay on input line 24.
LaTeX Font Info:    Checking defaults for PU/pdf/m/n on input line 24.
LaTeX Font Info:    ... okay on input line 24.

(/opt/homebrew/Cellar/texlive/20240312/share/texmf-dist/tex/context/base/mkii/s
upp-pdf.mkii
[Loading MPS to PDF converter (version 2006.09.02).]
\scratchcounter=\count302
\scratchdimen=\dimen162
\scratchbox=\box54
\nofMPsegments=\count303
\nofMParguments=\count304
\everyMPshowfont=\toks22
\MPscratchCnt=\count305
\MPscratchDim=\dimen163
\MPnumerator=\count306
\makeMPintoPDFobject=\count307
\everyMPtoPDFconversion=\toks23
)
(/opt/homebrew/Cellar/texlive/20240312/share/texmf-dist/tex/latex/epstopdf-pkg/
epstopdf-base.sty
Package: epstopdf-base 2020-01-24 v2.11 Base part for package epstopdf
Package epstopdf-base Info: Redefining graphics rule for `.eps' on input line 4
85.

(/opt/homebrew/Cellar/texlive/20240312/share/texmf-dist/tex/latex/latexconfig/e
pstopdf-sys.cfg
File: epstopdf-sys.cfg 2010/07/13 v1.3 Configuration of (r)epstopdf for TeX Liv
e
))
\big@size=\dimen164

*geometry* driver: auto-detecting
*geometry* detected driver: pdftex
*geometry* verbose mode - [ preamble ] result:
* driver: pdftex
* paper: a4paper
* layout: <same size as paper>
* layoutoffset:(h,v)=(0.0pt,0.0pt)
* modes: 
* h-part:(L,W,R)=(72.26999pt, 452.9679pt, 72.26999pt)
* v-part:(T,H,B)=(72.26999pt, 700.50687pt, 72.26999pt)
* \paperwidth=597.50787pt
* \paperheight=845.04684pt
* \textwidth=452.9679pt
* \textheight=700.50687pt
* \oddsidemargin=0.0pt
* \evensidemargin=0.0pt
* \topmargin=-37.0pt
* \headheight=12.0pt
* \headsep=25.0pt
* \topskip=12.0pt
* \footskip=30.0pt
* \marginparwidth=35.0pt
* \marginparsep=10.0pt
* \columnsep=10.0pt
* \skip\footins=10.8pt plus 4.0pt minus 2.0pt
* \hoffset=0.0pt
* \voffset=0.0pt
* \mag=1000
* \@twocolumnfalse
* \@twosidefalse
* \@mparswitchfalse
* \@reversemarginfalse
* (1in=72.27pt=25.4mm, 1cm=28.453pt)

Package hyperref Info: Link coloring OFF on input line 24.
(./main.out) (./main.out)
\@outlinefile=\write3
\openout3 = `main.out'.

\openout2 = `sections/title_page.aux'.

 (./sections/title_page.tex [1


{/opt/homebrew/Cellar/texlive/20240312/share/texmf-dist/fonts/map/pdftex/updmap
/pdftex.map}{/opt/homebrew/Cellar/texlive/20240312/share/texmf-dist/fonts/enc/d
vips/base/8r.enc}])
(./sections/intro.tex
LaTeX Font Info:    Trying to load font information for TS1+ptm on input line 5
.

(/opt/homebrew/Cellar/texlive/20240312/share/texmf-dist/tex/latex/psnfss/ts1ptm
.fd
File: ts1ptm.fd 2001/06/04 font definitions for TS1/ptm.
)
pdfTeX warning (ext4): destination with the same identifier (name{page.1}) has 
been already used, duplicate ignored
<to be read again> 
                   \relax 
l.14 
      [1


]) (./sections/results.tex (./tables/variables.tex
(/opt/homebrew/Cellar/texlive/20240312/share/texmf-dist/tex/latex/psnfss/ot1ztm
cm.fd)
(/opt/homebrew/Cellar/texlive/20240312/share/texmf-dist/tex/latex/psnfss/omlztm
cm.fd)
(/opt/homebrew/Cellar/texlive/20240312/share/texmf-dist/tex/latex/psnfss/omsztm
cm.fd)
(/opt/homebrew/Cellar/texlive/20240312/share/texmf-dist/tex/latex/psnfss/omxztm
cm.fd)

LaTeX Warning: `!h' float specifier changed to `!ht'.

)
<../presentation/presentation_images/injury_dist.png, id=19, 2195.20125pt x 135
6.06625pt>
File: ../presentation/presentation_images/injury_dist.png Graphic file (type pn
g)
<use ../presentation/presentation_images/injury_dist.png>
Package pdftex.def Info: ../presentation/presentation_images/injury_dist.png  u
sed on input line 14.
(pdftex.def)             Requested size: 362.37569pt x 223.84473pt.
 [2] (./tables/injury_summary.tex) [3 <../presentation/presentation_images/inju
ry_dist.png>] (./tables/predictor_summaries.tex) [4]
<../presentation/presentation_images/deaths_residual_plot.png, id=41, 1545.775p
t x 954.56625pt>
File: ../presentation/presentation_images/deaths_residual_plot.png Graphic file
 (type png)
<use ../presentation/presentation_images/deaths_residual_plot.png>
Package pdftex.def Info: ../presentation/presentation_images/deaths_residual_pl
ot.png  used on input line 48.
(pdftex.def)             Requested size: 317.07614pt x 195.80386pt.
 [5] [6 <../presentation/presentation_images/deaths_residual_plot.png>] (./tabl
es/small_counties.tex)
[7] (./tables/confidence_intervals.tex) (./tables/regression_coefficients.tex

LaTeX Warning: `!h' float specifier changed to `!ht'.

) [8] [9]) [10] (./main.aux (./sections/title_page.aux))
 ***********
LaTeX2e <2023-11-01> patch level 1
L3 programming layer <2024-02-20>
 ***********
Package rerunfilecheck Info: File `main.out' has not changed.
(rerunfilecheck)             Checksum: D41D8CD98F00B204E9800998ECF8427E;0.
 ) 
Here is how much of TeX's memory you used:
 10528 strings out of 474116
 172804 string characters out of 5733619
 1936187 words of memory out of 5000000
 32660 multiletter control sequences out of 15000+600000
 584702 words of font info for 83 fonts, out of 8000000 for 9000
 1141 hyphenation exceptions out of 8191
 94i,11n,107p,1120b,514s stack positions out of 10000i,1000n,20000p,200000b,200000s
</opt/homebrew/Cellar/texlive/20240312/share/texmf-dist/fonts/type1/public/am
sfonts/cm/cmmi10.pfb></opt/homebrew/Cellar/texlive/20240312/share/texmf-dist/fo
nts/type1/public/amsfonts/cm/cmr10.pfb></opt/homebrew/Cellar/texlive/20240312/s
hare/texmf-dist/fonts/type1/public/amsfonts/cm/cmsy10.pfb></opt/homebrew/Cellar
/texlive/20240312/share/texmf-dist/fonts/type1/urw/symbol/usyr.pfb></opt/homebr
ew/Cellar/texlive/20240312/share/texmf-dist/fonts/type1/urw/times/utmb8a.pfb></
opt/homebrew/Cellar/texlive/20240312/share/texmf-dist/fonts/type1/urw/times/utm
r8a.pfb></opt/homebrew/Cellar/texlive/20240312/share/texmf-dist/fonts/type1/urw
/times/utmri8a.pfb>
Output written on main.pdf (11 pages, 308260 bytes).
PDF statistics:
 124 PDF objects out of 1000 (max. 8388607)
 92 compressed objects within 1 object stream
 32 named destinations out of 1000 (max. 500000)
 11 words of extra memory for PDF output out of 10000 (max. 10000000)

